<?xml version="1.0" encoding="UTF-8"?>
<testsuite xmlns:xsi="http://www.w3.org/2001/XMLSchema-instance" xsi:noNamespaceSchemaLocation="https://maven.apache.org/surefire/maven-surefire-plugin/xsd/surefire-test-report.xsd" name="cn.tangue.templateenginee.TemplateengineeApplicationTests" time="12.999" tests="1" errors="0" skipped="0" failures="0">
  <properties>
    <property name="sun.desktop" value="windows"/>
    <property name="awt.toolkit" value="sun.awt.windows.WToolkit"/>
    <property name="file.encoding.pkg" value="sun.io"/>
    <property name="java.specification.version" value="1.8"/>
    <property name="sun.cpu.isalist" value="amd64"/>
    <property name="sun.jnu.encoding" value="GBK"/>
    <property name="java.class.path" value="D:\ideaproject\templateenginee\target\test-classes;D:\ideaproject\templateenginee\target\classes;E:\repository\org\springframework\boot\spring-boot-starter-web\2.7.1\spring-boot-starter-web-2.7.1.jar;E:\repository\org\springframework\boot\spring-boot-starter\2.7.1\spring-boot-starter-2.7.1.jar;E:\repository\org\springframework\boot\spring-boot-starter-logging\2.7.1\spring-boot-starter-logging-2.7.1.jar;E:\repository\ch\qos\logback\logback-classic\1.2.11\logback-classic-1.2.11.jar;E:\repository\ch\qos\logback\logback-core\1.2.11\logback-core-1.2.11.jar;E:\repository\org\apache\logging\log4j\log4j-to-slf4j\2.17.2\log4j-to-slf4j-2.17.2.jar;E:\repository\org\apache\logging\log4j\log4j-api\2.17.2\log4j-api-2.17.2.jar;E:\repository\org\slf4j\jul-to-slf4j\1.7.36\jul-to-slf4j-1.7.36.jar;E:\repository\jakarta\annotation\jakarta.annotation-api\1.3.5\jakarta.annotation-api-1.3.5.jar;E:\repository\org\yaml\snakeyaml\1.30\snakeyaml-1.30.jar;E:\repository\org\springframework\boot\spring-boot-starter-json\2.7.1\spring-boot-starter-json-2.7.1.jar;E:\repository\com\fasterxml\jackson\datatype\jackson-datatype-jdk8\2.13.3\jackson-datatype-jdk8-2.13.3.jar;E:\repository\com\fasterxml\jackson\datatype\jackson-datatype-jsr310\2.13.3\jackson-datatype-jsr310-2.13.3.jar;E:\repository\com\fasterxml\jackson\module\jackson-module-parameter-names\2.13.3\jackson-module-parameter-names-2.13.3.jar;E:\repository\org\springframework\spring-web\5.3.21\spring-web-5.3.21.jar;E:\repository\org\springframework\spring-beans\5.3.21\spring-beans-5.3.21.jar;E:\repository\org\springframework\spring-webmvc\5.3.21\spring-webmvc-5.3.21.jar;E:\repository\org\springframework\spring-aop\5.3.21\spring-aop-5.3.21.jar;E:\repository\org\springframework\spring-context\5.3.21\spring-context-5.3.21.jar;E:\repository\org\springframework\spring-expression\5.3.21\spring-expression-5.3.21.jar;E:\repository\org\springframework\boot\spring-boot-starter-test\2.7.1\spring-boot-starter-test-2.7.1.jar;E:\repository\org\springframework\boot\spring-boot-test\2.7.1\spring-boot-test-2.7.1.jar;E:\repository\org\springframework\boot\spring-boot-test-autoconfigure\2.7.1\spring-boot-test-autoconfigure-2.7.1.jar;E:\repository\com\jayway\jsonpath\json-path\2.7.0\json-path-2.7.0.jar;E:\repository\net\minidev\json-smart\2.4.8\json-smart-2.4.8.jar;E:\repository\net\minidev\accessors-smart\2.4.8\accessors-smart-2.4.8.jar;E:\repository\org\ow2\asm\asm\9.1\asm-9.1.jar;E:\repository\org\slf4j\slf4j-api\1.7.36\slf4j-api-1.7.36.jar;E:\repository\jakarta\xml\bind\jakarta.xml.bind-api\2.3.3\jakarta.xml.bind-api-2.3.3.jar;E:\repository\jakarta\activation\jakarta.activation-api\1.2.2\jakarta.activation-api-1.2.2.jar;E:\repository\org\assertj\assertj-core\3.22.0\assertj-core-3.22.0.jar;E:\repository\org\hamcrest\hamcrest\2.2\hamcrest-2.2.jar;E:\repository\org\junit\jupiter\junit-jupiter\5.8.2\junit-jupiter-5.8.2.jar;E:\repository\org\junit\jupiter\junit-jupiter-api\5.8.2\junit-jupiter-api-5.8.2.jar;E:\repository\org\opentest4j\opentest4j\1.2.0\opentest4j-1.2.0.jar;E:\repository\org\junit\platform\junit-platform-commons\1.8.2\junit-platform-commons-1.8.2.jar;E:\repository\org\apiguardian\apiguardian-api\1.1.2\apiguardian-api-1.1.2.jar;E:\repository\org\junit\jupiter\junit-jupiter-params\5.8.2\junit-jupiter-params-5.8.2.jar;E:\repository\org\junit\jupiter\junit-jupiter-engine\5.8.2\junit-jupiter-engine-5.8.2.jar;E:\repository\org\junit\platform\junit-platform-engine\1.8.2\junit-platform-engine-1.8.2.jar;E:\repository\org\mockito\mockito-core\4.5.1\mockito-core-4.5.1.jar;E:\repository\net\bytebuddy\byte-buddy\1.12.11\byte-buddy-1.12.11.jar;E:\repository\net\bytebuddy\byte-buddy-agent\1.12.11\byte-buddy-agent-1.12.11.jar;E:\repository\org\objenesis\objenesis\3.2\objenesis-3.2.jar;E:\repository\org\mockito\mockito-junit-jupiter\4.5.1\mockito-junit-jupiter-4.5.1.jar;E:\repository\org\skyscreamer\jsonassert\1.5.0\jsonassert-1.5.0.jar;E:\repository\com\vaadin\external\google\android-json\0.0.20131108.vaadin1\android-json-0.0.20131108.vaadin1.jar;E:\repository\org\springframework\spring-core\5.3.21\spring-core-5.3.21.jar;E:\repository\org\springframework\spring-jcl\5.3.21\spring-jcl-5.3.21.jar;E:\repository\org\springframework\spring-test\5.3.21\spring-test-5.3.21.jar;E:\repository\org\xmlunit\xmlunit-core\2.9.0\xmlunit-core-2.9.0.jar;E:\repository\org\projectlombok\lombok\1.18.24\lombok-1.18.24.jar;E:\repository\org\springframework\boot\spring-boot-devtools\2.7.1\spring-boot-devtools-2.7.1.jar;E:\repository\org\springframework\boot\spring-boot\2.7.1\spring-boot-2.7.1.jar;E:\repository\org\springframework\boot\spring-boot-autoconfigure\2.7.1\spring-boot-autoconfigure-2.7.1.jar;E:\repository\org\apache\poi\poi-ooxml\3.9\poi-ooxml-3.9.jar;E:\repository\org\apache\poi\poi\3.9\poi-3.9.jar;E:\repository\commons-codec\commons-codec\1.15\commons-codec-1.15.jar;E:\repository\org\apache\poi\poi-ooxml-schemas\3.9\poi-ooxml-schemas-3.9.jar;E:\repository\org\apache\xmlbeans\xmlbeans\2.3.0\xmlbeans-2.3.0.jar;E:\repository\stax\stax-api\1.0.1\stax-api-1.0.1.jar;E:\repository\dom4j\dom4j\1.6.1\dom4j-1.6.1.jar;E:\repository\xml-apis\xml-apis\1.0.b2\xml-apis-1.0.b2.jar;E:\repository\org\springdoc\springdoc-openapi-ui\1.4.0\springdoc-openapi-ui-1.4.0.jar;E:\repository\org\springdoc\springdoc-openapi-webmvc-core\1.4.0\springdoc-openapi-webmvc-core-1.4.0.jar;E:\repository\org\springdoc\springdoc-openapi-common\1.4.0\springdoc-openapi-common-1.4.0.jar;E:\repository\io\swagger\core\v3\swagger-models\2.1.2\swagger-models-2.1.2.jar;E:\repository\io\swagger\core\v3\swagger-annotations\2.1.2\swagger-annotations-2.1.2.jar;E:\repository\io\swagger\core\v3\swagger-integration\2.1.2\swagger-integration-2.1.2.jar;E:\repository\io\swagger\core\v3\swagger-core\2.1.2\swagger-core-2.1.2.jar;E:\repository\com\fasterxml\jackson\dataformat\jackson-dataformat-yaml\2.13.3\jackson-dataformat-yaml-2.13.3.jar;E:\repository\jakarta\validation\jakarta.validation-api\2.0.2\jakarta.validation-api-2.0.2.jar;E:\repository\org\webjars\swagger-ui\3.25.4\swagger-ui-3.25.4.jar;E:\repository\org\webjars\webjars-locator-core\0.50\webjars-locator-core-0.50.jar;E:\repository\io\github\classgraph\classgraph\4.8.139\classgraph-4.8.139.jar;E:\repository\com\fasterxml\jackson\core\jackson-core\2.13.3\jackson-core-2.13.3.jar;E:\repository\org\hibernate\hibernate-validator\5.2.4.Final\hibernate-validator-5.2.4.Final.jar;E:\repository\javax\validation\validation-api\2.0.1.Final\validation-api-2.0.1.Final.jar;E:\repository\org\jboss\logging\jboss-logging\3.4.3.Final\jboss-logging-3.4.3.Final.jar;E:\repository\com\fasterxml\classmate\1.5.1\classmate-1.5.1.jar;E:\repository\com\github\ulisesbocchio\jasypt-spring-boot-starter\1.18\jasypt-spring-boot-starter-1.18.jar;E:\repository\com\github\ulisesbocchio\jasypt-spring-boot\1.18\jasypt-spring-boot-1.18.jar;E:\repository\org\jasypt\jasypt\1.9.2\jasypt-1.9.2.jar;E:\repository\mysql\mysql-connector-java\8.0.13\mysql-connector-java-8.0.13.jar;E:\repository\org\mybatis\spring\boot\mybatis-spring-boot-starter\2.2.2\mybatis-spring-boot-starter-2.2.2.jar;E:\repository\org\springframework\boot\spring-boot-starter-jdbc\2.7.1\spring-boot-starter-jdbc-2.7.1.jar;E:\repository\com\zaxxer\HikariCP\4.0.3\HikariCP-4.0.3.jar;E:\repository\org\springframework\spring-jdbc\5.3.21\spring-jdbc-5.3.21.jar;E:\repository\org\springframework\spring-tx\5.3.21\spring-tx-5.3.21.jar;E:\repository\org\mybatis\spring\boot\mybatis-spring-boot-autoconfigure\2.2.2\mybatis-spring-boot-autoconfigure-2.2.2.jar;E:\repository\org\mybatis\mybatis\3.5.9\mybatis-3.5.9.jar;E:\repository\org\mybatis\mybatis-spring\2.0.7\mybatis-spring-2.0.7.jar;E:\repository\com\github\dozermapper\dozer-spring-boot-starter\6.2.0\dozer-spring-boot-starter-6.2.0.jar;E:\repository\com\github\dozermapper\dozer-core\6.2.0\dozer-core-6.2.0.jar;E:\repository\commons-beanutils\commons-beanutils\1.9.3\commons-beanutils-1.9.3.jar;E:\repository\commons-collections\commons-collections\3.2.2\commons-collections-3.2.2.jar;E:\repository\commons-io\commons-io\2.5\commons-io-2.5.jar;E:\repository\com\github\dozermapper\dozer-spring4\6.2.0\dozer-spring4-6.2.0.jar;E:\repository\com\github\dozermapper\dozer-spring-boot-autoconfigure\6.2.0\dozer-spring-boot-autoconfigure-6.2.0.jar;E:\repository\junit\junit\4.13.2\junit-4.13.2.jar;E:\repository\org\hamcrest\hamcrest-core\2.2\hamcrest-core-2.2.jar;E:\repository\org\webjars\jquery\3.5.1\jquery-3.5.1.jar;E:\repository\org\webjars\bootstrap\4.5.0\bootstrap-4.5.0.jar;E:\repository\org\webjars\popper.js\1.16.0\popper.js-1.16.0.jar;E:\repository\org\webjars\webjars-locator\0.30\webjars-locator-0.30.jar;E:\repository\com\fasterxml\jackson\core\jackson-databind\2.13.3\jackson-databind-2.13.3.jar;E:\repository\com\fasterxml\jackson\core\jackson-annotations\2.13.3\jackson-annotations-2.13.3.jar;E:\repository\org\apache\commons\commons-lang3\3.12.0\commons-lang3-3.12.0.jar;E:\repository\org\apache\tomcat\embed\tomcat-embed-jasper\9.0.64\tomcat-embed-jasper-9.0.64.jar;E:\repository\org\apache\tomcat\embed\tomcat-embed-core\9.0.64\tomcat-embed-core-9.0.64.jar;E:\repository\org\apache\tomcat\tomcat-annotations-api\9.0.64\tomcat-annotations-api-9.0.64.jar;E:\repository\org\apache\tomcat\embed\tomcat-embed-el\9.0.64\tomcat-embed-el-9.0.64.jar;E:\repository\org\eclipse\jdt\ecj\3.18.0\ecj-3.18.0.jar;E:\repository\javax\servlet\jstl\1.2\jstl-1.2.jar;E:\repository\taglibs\standard\1.1.2\standard-1.1.2.jar;E:\repository\org\springframework\boot\spring-boot-starter-freemarker\2.7.1\spring-boot-starter-freemarker-2.7.1.jar;E:\repository\org\freemarker\freemarker\2.3.31\freemarker-2.3.31.jar;E:\repository\org\springframework\spring-context-support\5.3.21\spring-context-support-5.3.21.jar;"/>
    <property name="java.vm.vendor" value="Oracle Corporation"/>
    <property name="sun.arch.data.model" value="64"/>
    <property name="user.variant" value=""/>
    <property name="java.vendor.url" value="http://java.oracle.com/"/>
    <property name="user.timezone" value="Asia/Shanghai"/>
    <property name="java.vm.specification.version" value="1.8"/>
    <property name="os.name" value="Windows 7"/>
    <property name="user.country" value="CN"/>
    <property name="sun.java.launcher" value="SUN_STANDARD"/>
    <property name="sun.boot.library.path" value="C:\Program Files\Java\jdk1.8.0_181\jre\bin"/>
    <property name="sun.java.command" value="C:\Users\ADMINI~1\AppData\Local\Temp\surefire1757639012527907669\surefirebooter5979442986309843814.jar C:\Users\Administrator\AppData\Local\Temp\surefire1757639012527907669 2022-07-07T14-47-19_521-jvmRun1 surefire1594313734488461034tmp surefire_07575069564493876713tmp"/>
    <property name="surefire.test.class.path" value="D:\ideaproject\templateenginee\target\test-classes;D:\ideaproject\templateenginee\target\classes;E:\repository\org\springframework\boot\spring-boot-starter-web\2.7.1\spring-boot-starter-web-2.7.1.jar;E:\repository\org\springframework\boot\spring-boot-starter\2.7.1\spring-boot-starter-2.7.1.jar;E:\repository\org\springframework\boot\spring-boot-starter-logging\2.7.1\spring-boot-starter-logging-2.7.1.jar;E:\repository\ch\qos\logback\logback-classic\1.2.11\logback-classic-1.2.11.jar;E:\repository\ch\qos\logback\logback-core\1.2.11\logback-core-1.2.11.jar;E:\repository\org\apache\logging\log4j\log4j-to-slf4j\2.17.2\log4j-to-slf4j-2.17.2.jar;E:\repository\org\apache\logging\log4j\log4j-api\2.17.2\log4j-api-2.17.2.jar;E:\repository\org\slf4j\jul-to-slf4j\1.7.36\jul-to-slf4j-1.7.36.jar;E:\repository\jakarta\annotation\jakarta.annotation-api\1.3.5\jakarta.annotation-api-1.3.5.jar;E:\repository\org\yaml\snakeyaml\1.30\snakeyaml-1.30.jar;E:\repository\org\springframework\boot\spring-boot-starter-json\2.7.1\spring-boot-starter-json-2.7.1.jar;E:\repository\com\fasterxml\jackson\datatype\jackson-datatype-jdk8\2.13.3\jackson-datatype-jdk8-2.13.3.jar;E:\repository\com\fasterxml\jackson\datatype\jackson-datatype-jsr310\2.13.3\jackson-datatype-jsr310-2.13.3.jar;E:\repository\com\fasterxml\jackson\module\jackson-module-parameter-names\2.13.3\jackson-module-parameter-names-2.13.3.jar;E:\repository\org\springframework\spring-web\5.3.21\spring-web-5.3.21.jar;E:\repository\org\springframework\spring-beans\5.3.21\spring-beans-5.3.21.jar;E:\repository\org\springframework\spring-webmvc\5.3.21\spring-webmvc-5.3.21.jar;E:\repository\org\springframework\spring-aop\5.3.21\spring-aop-5.3.21.jar;E:\repository\org\springframework\spring-context\5.3.21\spring-context-5.3.21.jar;E:\repository\org\springframework\spring-expression\5.3.21\spring-expression-5.3.21.jar;E:\repository\org\springframework\boot\spring-boot-starter-test\2.7.1\spring-boot-starter-test-2.7.1.jar;E:\repository\org\springframework\boot\spring-boot-test\2.7.1\spring-boot-test-2.7.1.jar;E:\repository\org\springframework\boot\spring-boot-test-autoconfigure\2.7.1\spring-boot-test-autoconfigure-2.7.1.jar;E:\repository\com\jayway\jsonpath\json-path\2.7.0\json-path-2.7.0.jar;E:\repository\net\minidev\json-smart\2.4.8\json-smart-2.4.8.jar;E:\repository\net\minidev\accessors-smart\2.4.8\accessors-smart-2.4.8.jar;E:\repository\org\ow2\asm\asm\9.1\asm-9.1.jar;E:\repository\org\slf4j\slf4j-api\1.7.36\slf4j-api-1.7.36.jar;E:\repository\jakarta\xml\bind\jakarta.xml.bind-api\2.3.3\jakarta.xml.bind-api-2.3.3.jar;E:\repository\jakarta\activation\jakarta.activation-api\1.2.2\jakarta.activation-api-1.2.2.jar;E:\repository\org\assertj\assertj-core\3.22.0\assertj-core-3.22.0.jar;E:\repository\org\hamcrest\hamcrest\2.2\hamcrest-2.2.jar;E:\repository\org\junit\jupiter\junit-jupiter\5.8.2\junit-jupiter-5.8.2.jar;E:\repository\org\junit\jupiter\junit-jupiter-api\5.8.2\junit-jupiter-api-5.8.2.jar;E:\repository\org\opentest4j\opentest4j\1.2.0\opentest4j-1.2.0.jar;E:\repository\org\junit\platform\junit-platform-commons\1.8.2\junit-platform-commons-1.8.2.jar;E:\repository\org\apiguardian\apiguardian-api\1.1.2\apiguardian-api-1.1.2.jar;E:\repository\org\junit\jupiter\junit-jupiter-params\5.8.2\junit-jupiter-params-5.8.2.jar;E:\repository\org\junit\jupiter\junit-jupiter-engine\5.8.2\junit-jupiter-engine-5.8.2.jar;E:\repository\org\junit\platform\junit-platform-engine\1.8.2\junit-platform-engine-1.8.2.jar;E:\repository\org\mockito\mockito-core\4.5.1\mockito-core-4.5.1.jar;E:\repository\net\bytebuddy\byte-buddy\1.12.11\byte-buddy-1.12.11.jar;E:\repository\net\bytebuddy\byte-buddy-agent\1.12.11\byte-buddy-agent-1.12.11.jar;E:\repository\org\objenesis\objenesis\3.2\objenesis-3.2.jar;E:\repository\org\mockito\mockito-junit-jupiter\4.5.1\mockito-junit-jupiter-4.5.1.jar;E:\repository\org\skyscreamer\jsonassert\1.5.0\jsonassert-1.5.0.jar;E:\repository\com\vaadin\external\google\android-json\0.0.20131108.vaadin1\android-json-0.0.20131108.vaadin1.jar;E:\repository\org\springframework\spring-core\5.3.21\spring-core-5.3.21.jar;E:\repository\org\springframework\spring-jcl\5.3.21\spring-jcl-5.3.21.jar;E:\repository\org\springframework\spring-test\5.3.21\spring-test-5.3.21.jar;E:\repository\org\xmlunit\xmlunit-core\2.9.0\xmlunit-core-2.9.0.jar;E:\repository\org\projectlombok\lombok\1.18.24\lombok-1.18.24.jar;E:\repository\org\springframework\boot\spring-boot-devtools\2.7.1\spring-boot-devtools-2.7.1.jar;E:\repository\org\springframework\boot\spring-boot\2.7.1\spring-boot-2.7.1.jar;E:\repository\org\springframework\boot\spring-boot-autoconfigure\2.7.1\spring-boot-autoconfigure-2.7.1.jar;E:\repository\org\apache\poi\poi-ooxml\3.9\poi-ooxml-3.9.jar;E:\repository\org\apache\poi\poi\3.9\poi-3.9.jar;E:\repository\commons-codec\commons-codec\1.15\commons-codec-1.15.jar;E:\repository\org\apache\poi\poi-ooxml-schemas\3.9\poi-ooxml-schemas-3.9.jar;E:\repository\org\apache\xmlbeans\xmlbeans\2.3.0\xmlbeans-2.3.0.jar;E:\repository\stax\stax-api\1.0.1\stax-api-1.0.1.jar;E:\repository\dom4j\dom4j\1.6.1\dom4j-1.6.1.jar;E:\repository\xml-apis\xml-apis\1.0.b2\xml-apis-1.0.b2.jar;E:\repository\org\springdoc\springdoc-openapi-ui\1.4.0\springdoc-openapi-ui-1.4.0.jar;E:\repository\org\springdoc\springdoc-openapi-webmvc-core\1.4.0\springdoc-openapi-webmvc-core-1.4.0.jar;E:\repository\org\springdoc\springdoc-openapi-common\1.4.0\springdoc-openapi-common-1.4.0.jar;E:\repository\io\swagger\core\v3\swagger-models\2.1.2\swagger-models-2.1.2.jar;E:\repository\io\swagger\core\v3\swagger-annotations\2.1.2\swagger-annotations-2.1.2.jar;E:\repository\io\swagger\core\v3\swagger-integration\2.1.2\swagger-integration-2.1.2.jar;E:\repository\io\swagger\core\v3\swagger-core\2.1.2\swagger-core-2.1.2.jar;E:\repository\com\fasterxml\jackson\dataformat\jackson-dataformat-yaml\2.13.3\jackson-dataformat-yaml-2.13.3.jar;E:\repository\jakarta\validation\jakarta.validation-api\2.0.2\jakarta.validation-api-2.0.2.jar;E:\repository\org\webjars\swagger-ui\3.25.4\swagger-ui-3.25.4.jar;E:\repository\org\webjars\webjars-locator-core\0.50\webjars-locator-core-0.50.jar;E:\repository\io\github\classgraph\classgraph\4.8.139\classgraph-4.8.139.jar;E:\repository\com\fasterxml\jackson\core\jackson-core\2.13.3\jackson-core-2.13.3.jar;E:\repository\org\hibernate\hibernate-validator\5.2.4.Final\hibernate-validator-5.2.4.Final.jar;E:\repository\javax\validation\validation-api\2.0.1.Final\validation-api-2.0.1.Final.jar;E:\repository\org\jboss\logging\jboss-logging\3.4.3.Final\jboss-logging-3.4.3.Final.jar;E:\repository\com\fasterxml\classmate\1.5.1\classmate-1.5.1.jar;E:\repository\com\github\ulisesbocchio\jasypt-spring-boot-starter\1.18\jasypt-spring-boot-starter-1.18.jar;E:\repository\com\github\ulisesbocchio\jasypt-spring-boot\1.18\jasypt-spring-boot-1.18.jar;E:\repository\org\jasypt\jasypt\1.9.2\jasypt-1.9.2.jar;E:\repository\mysql\mysql-connector-java\8.0.13\mysql-connector-java-8.0.13.jar;E:\repository\org\mybatis\spring\boot\mybatis-spring-boot-starter\2.2.2\mybatis-spring-boot-starter-2.2.2.jar;E:\repository\org\springframework\boot\spring-boot-starter-jdbc\2.7.1\spring-boot-starter-jdbc-2.7.1.jar;E:\repository\com\zaxxer\HikariCP\4.0.3\HikariCP-4.0.3.jar;E:\repository\org\springframework\spring-jdbc\5.3.21\spring-jdbc-5.3.21.jar;E:\repository\org\springframework\spring-tx\5.3.21\spring-tx-5.3.21.jar;E:\repository\org\mybatis\spring\boot\mybatis-spring-boot-autoconfigure\2.2.2\mybatis-spring-boot-autoconfigure-2.2.2.jar;E:\repository\org\mybatis\mybatis\3.5.9\mybatis-3.5.9.jar;E:\repository\org\mybatis\mybatis-spring\2.0.7\mybatis-spring-2.0.7.jar;E:\repository\com\github\dozermapper\dozer-spring-boot-starter\6.2.0\dozer-spring-boot-starter-6.2.0.jar;E:\repository\com\github\dozermapper\dozer-core\6.2.0\dozer-core-6.2.0.jar;E:\repository\commons-beanutils\commons-beanutils\1.9.3\commons-beanutils-1.9.3.jar;E:\repository\commons-collections\commons-collections\3.2.2\commons-collections-3.2.2.jar;E:\repository\commons-io\commons-io\2.5\commons-io-2.5.jar;E:\repository\com\github\dozermapper\dozer-spring4\6.2.0\dozer-spring4-6.2.0.jar;E:\repository\com\github\dozermapper\dozer-spring-boot-autoconfigure\6.2.0\dozer-spring-boot-autoconfigure-6.2.0.jar;E:\repository\junit\junit\4.13.2\junit-4.13.2.jar;E:\repository\org\hamcrest\hamcrest-core\2.2\hamcrest-core-2.2.jar;E:\repository\org\webjars\jquery\3.5.1\jquery-3.5.1.jar;E:\repository\org\webjars\bootstrap\4.5.0\bootstrap-4.5.0.jar;E:\repository\org\webjars\popper.js\1.16.0\popper.js-1.16.0.jar;E:\repository\org\webjars\webjars-locator\0.30\webjars-locator-0.30.jar;E:\repository\com\fasterxml\jackson\core\jackson-databind\2.13.3\jackson-databind-2.13.3.jar;E:\repository\com\fasterxml\jackson\core\jackson-annotations\2.13.3\jackson-annotations-2.13.3.jar;E:\repository\org\apache\commons\commons-lang3\3.12.0\commons-lang3-3.12.0.jar;E:\repository\org\apache\tomcat\embed\tomcat-embed-jasper\9.0.64\tomcat-embed-jasper-9.0.64.jar;E:\repository\org\apache\tomcat\embed\tomcat-embed-core\9.0.64\tomcat-embed-core-9.0.64.jar;E:\repository\org\apache\tomcat\tomcat-annotations-api\9.0.64\tomcat-annotations-api-9.0.64.jar;E:\repository\org\apache\tomcat\embed\tomcat-embed-el\9.0.64\tomcat-embed-el-9.0.64.jar;E:\repository\org\eclipse\jdt\ecj\3.18.0\ecj-3.18.0.jar;E:\repository\javax\servlet\jstl\1.2\jstl-1.2.jar;E:\repository\taglibs\standard\1.1.2\standard-1.1.2.jar;E:\repository\org\springframework\boot\spring-boot-starter-freemarker\2.7.1\spring-boot-starter-freemarker-2.7.1.jar;E:\repository\org\freemarker\freemarker\2.3.31\freemarker-2.3.31.jar;E:\repository\org\springframework\spring-context-support\5.3.21\spring-context-support-5.3.21.jar;"/>
    <property name="sun.cpu.endian" value="little"/>
    <property name="user.home" value="C:\Users\Administrator"/>
    <property name="user.language" value="zh"/>
    <property name="java.specification.vendor" value="Oracle Corporation"/>
    <property name="java.home" value="C:\Program Files\Java\jdk1.8.0_181\jre"/>
    <property name="basedir" value="D:\ideaproject\templateenginee"/>
    <property name="file.separator" value="\"/>
    <property name="line.separator" value="&#10;"/>
    <property name="java.vm.specification.vendor" value="Oracle Corporation"/>
    <property name="java.specification.name" value="Java Platform API Specification"/>
    <property name="java.awt.graphicsenv" value="sun.awt.Win32GraphicsEnvironment"/>
    <property name="surefire.real.class.path" value="C:\Users\ADMINI~1\AppData\Local\Temp\surefire1757639012527907669\surefirebooter5979442986309843814.jar"/>
    <property name="sun.boot.class.path" value="C:\Program Files\Java\jdk1.8.0_181\jre\lib\resources.jar;C:\Program Files\Java\jdk1.8.0_181\jre\lib\rt.jar;C:\Program Files\Java\jdk1.8.0_181\jre\lib\sunrsasign.jar;C:\Program Files\Java\jdk1.8.0_181\jre\lib\jsse.jar;C:\Program Files\Java\jdk1.8.0_181\jre\lib\jce.jar;C:\Program Files\Java\jdk1.8.0_181\jre\lib\charsets.jar;C:\Program Files\Java\jdk1.8.0_181\jre\lib\jfr.jar;C:\Program Files\Java\jdk1.8.0_181\jre\classes"/>
    <property name="user.script" value=""/>
    <property name="sun.management.compiler" value="HotSpot 64-Bit Tiered Compilers"/>
    <property name="java.runtime.version" value="1.8.0_181-b13"/>
    <property name="user.name" value="Administrator"/>
    <property name="path.separator" value=";"/>
    <property name="os.version" value="6.1"/>
    <property name="java.endorsed.dirs" value="C:\Program Files\Java\jdk1.8.0_181\jre\lib\endorsed"/>
    <property name="java.runtime.name" value="Java(TM) SE Runtime Environment"/>
    <property name="file.encoding" value="GBK"/>
    <property name="java.vm.name" value="Java HotSpot(TM) 64-Bit Server VM"/>
    <property name="localRepository" value="E:\repository"/>
    <property name="java.vendor.url.bug" value="http://bugreport.sun.com/bugreport/"/>
    <property name="java.io.tmpdir" value="C:\Users\ADMINI~1\AppData\Local\Temp\"/>
    <property name="java.version" value="1.8.0_181"/>
    <property name="user.dir" value="D:\ideaproject\templateenginee"/>
    <property name="os.arch" value="amd64"/>
    <property name="java.vm.specification.name" value="Java Virtual Machine Specification"/>
    <property name="java.awt.printerjob" value="sun.awt.windows.WPrinterJob"/>
    <property name="idea.version2019.3.1" value="true"/>
    <property name="sun.os.patch.level" value="Service Pack 1"/>
    <property name="java.library.path" value="C:\Program Files\Java\jdk1.8.0_181\jre\bin;C:\Windows\Sun\Java\bin;C:\Windows\system32;C:\Windows;E:\mysql-5.7.15-winx64\bin;C:\Program Files (x86)\Common Files\Oracle\Java\javapath;C:\ProgramData\Oracle\Java\javapath;E:\app\Administrator\product\11.2.0\client_1\bin;C:\Windows\system32;C:\Windows;C:\Windows\System32\Wbem;C:\Windows\System32\WindowsPowerShell\v1.0\;C:\Program Files (x86)\NVIDIA Corporation\PhysX\Common;C:\Program Files (x86)\SQL Anywhere 11\bin64;C:\Program Files (x86)\SQL Anywhere 11\bin32;d:\Program Files (x86)\Sybase\Shared\PowerBuilder;d:\Program Files (x86)\Sybase\PowerBuilder 11.5;C:\Windows\Microsoft.NET\Framework\v2.0.50727;E:\app\Administrator\product\instantclient_11_2;C:\Program Files (x86)\Common Files\Thunder Network\KanKan\Codecs;C:\Program Files\Java\jdk1.8.0_181\bin;C:\Users\Administrator\AppData\Local\Android\android-sdk\tools;C:\Users\Administrator\AppData\Local\Android\android-sdk\platform-tools;E:\TDDOWNLOAD\gradle-4.1\bin;D:\DLYY\TGHis10_For_六院PES\;D;\ZSYY\TGCXJ10;E:\TDDOWNLOAD\gradle-5.6.3\bin;C:\Users\Administrator\AppData\Local\Android\Sdk\platform-tools;E:\Maven\apache-maven-3.6.3\bin;C:\Program Files (x86)\Microsoft SQL Server\90\Tools\binn\;C:\Users\Administrator\AppData\Roaming\nvm;C:\Program Files\nodejs;C:\Program Files\nodejs\;C:\Python27\;C:\Program Files (x86)\Calibre2\;C:\Program Files (x86)\Brackets\command;C:\Program Files\Git\cmd;C:\Users\Administrator\.app\;C:\Users\Administrator\AppData\Local\Programs\Microsoft VS Code\bin;C:\Users\Administrator\AppData\Roaming\nvm;C:\Program Files\nodejs;C:\Users\Administrator\AppData\Roaming\npm;."/>
    <property name="java.vm.info" value="mixed mode"/>
    <property name="java.vendor" value="Oracle Corporation"/>
    <property name="java.vm.version" value="25.181-b13"/>
    <property name="java.ext.dirs" value="C:\Program Files\Java\jdk1.8.0_181\jre\lib\ext;C:\Windows\Sun\Java\lib\ext"/>
    <property name="sun.io.unicode.encoding" value="UnicodeLittle"/>
    <property name="maven.repo.local" value="E:\repository"/>
    <property name="java.class.version" value="52.0"/>
  </properties>
  <testcase name="contextLoads" classname="cn.tangue.templateenginee.TemplateengineeApplicationTests" time="0.53"/>
</testsuite>